FHIR IG Publisher Version 1.4.6 (Git# c6b7d5a1f427). Built 2023-09-16T03:24:10.331Z (3 days old)
Detected Java version: 21-ea from /usr/local/openjdk-21 on amd64 (64bit). 1732MB available
dir = /__w/domain1/domain1, path = /home/publisher/bin:/home/publisher/bin/ig-publisher-scripts:/home/publisher/.node/bin:/usr/local/openjdk-21/bin:/usr/local/sbin:/usr/local/bin:/usr/sbin:/usr/bin:/sbin:/bin
Parameters: -go-publish -package-cache-folder ./fhir-package-cache -source core -web /__w/domain1/domain1/webroot -registry ./ig-registry/fhir-ig-list.json -history ./history-template -templates /__w/domain1/domain1/webroot/templates
---------------
Publication Run: publish core to /__w/domain1/domain1/webroot
Run Number: 1
Relative directory for IG is '/core'
All checks passed. Do the publication build from /__w/domain1/domain1/core and publish to /tmp/web-root/run-20230919/core
Prepare Build space in /tmp/medigree.fhir.core#1.0.0
Build IG at /__w/domain1/domain1/core: final copy suitable for publication (in /tmp/medigree.fhir.core#1.0.0)
FHIR IG Publisher Version 1.4.6 (Git# c6b7d5a1f427). Built 2023-09-16T03:24:10.331Z (3 days old)                                                                                              
Detected Java version: 21-ea from /usr/local/openjdk-21 on Linux/amd64 (64bit). 1732MB available                                                                                              
dir = /__w/domain1/domain1, path = /home/publisher/bin:/home/publisher/bin/ig-publisher-scripts:/home/publisher/.node/bin:/usr/local/openjdk-21/bin:/usr/local/sbin:/usr/local/bin:/usr/sbin:/usr/bin:/sbin:/bin
Parameters: -ig /tmp/medigree.fhir.core#1.0.0 -resetTx -publish http://medigree.net/fhir/core/1.0.0 -no-exit                                                                                  
Start Clock @ Tuesday, September 19, 2023, 8:25:36 PM Coordinated Universal Time (2023-09-19T20:25:36Z)                                                                                       
                                                                                                                                                                                              
Build FHIR IG from /tmp/medigree.fhir.core#1.0.0                                                                                                                                               (00:00.037 / 00:00.038, 39Mb)
Build Formal Publication package, intended for http://medigree.net/fhir/core/1.0.0                                                                                                             (00:00.015 / 00:00.052, 39Mb)
API keys loaded from /root/.fhir/fhir-settings.json                                                                                                                                            (00:00.002 / 00:00.054, 40Mb)
Package Cache: /root/.fhir/packages                                                                                                                                                            (00:00.005 / 00:00.060, 40Mb)
Run Sushi on /tmp/medigree.fhir.core#1.0.0                                                                                                                                                     (00:00.008 / 00:00.069, 40Mb)
Sushi: info  Running SUSHI v2.9.0 (implements FHIR Shorthand specification v2.0.0)                                                                                                             (00:03.050 / 00:03.119, 41Mb)
Sushi: info  Arguments:                                                                                                                                                                        (00:00.003 / 00:03.123, 41Mb)
Sushi: info    --require-latest                                                                                                                                                                (00:00.002 / 00:03.126, 41Mb)
Sushi: info    --out /tmp/medigree.fhir.core#1.0.0                                                                                                                                             (00:00.004 / 00:03.130, 41Mb)
Sushi: info    /tmp/medigree.fhir.core#1.0.0                                                                                                                                                   (00:00.002 / 00:03.132, 41Mb)
Sushi: (node:801) Warning: Accessing non-existent property 'INVALID_ALT_NUMBER' of module exports inside circular dependency
error Current SUSHI version (2.9.0) is not the latest version. Upgrade to the latest version (3.3.3) or run SUSHI again without the --require-latest flag. (00:00.001 / 00:03.871, 41Mb)
Sushi: (node:801) Warning: Accessing non-existent property 'INVALID_ALT_NUMBER' of module exports inside circular dependency                                                                   (00:00.737 / 00:03.873, 41Mb)
Sushi: (Use `node --trace-warnings ...` to show where the warning was created)                                                                                                                 (00:00.009 / 00:03.880, 41Mb)
Sushi: (node:801) Warning: Accessing non-existent property 'INVALID_ALT_NUMBER' of module exports inside circular dependency                                                                   (00:00.002 / 00:03.883, 41Mb)
Sushi couldn't be run. Complete output from running Sushi :                                                                                                                                    (00:00.020 / 00:03.903, 41Mb)
Note: Check that Sushi is installed correctly ("npm install -g fsh-sushi". On windows, get npm from https://www.npmjs.com/get-npm)                                                             (00:00.001 / 00:03.905, 41Mb)
Exception: Process exited with an error: 1 (Exit value: 1)                                                                                                                                     (00:00.001 / 00:03.907, 41Mb)
Publishing Content Failed: Process exited with an error: 1 (Exit value: 1)                                                                                                                     (00:00.002 / 00:03.909, 41Mb)
                                                                                                                                                                                               (00:00.001 / 00:03.911, 41Mb)
Use -? to get command line help                                                                                                                                                                (00:00.002 / 00:03.913, 41Mb)
                                                                                                                                                                                               (00:00.001 / 00:03.914, 41Mb)
Stack Dump (for debugging):                                                                                                                                                                    (00:00.001 / 00:03.917, 41Mb)
org.apache.commons.exec.ExecuteException: Process exited with an error: 1 (Exit value: 1)
	at org.apache.commons.exec.DefaultExecutor.executeInternal(DefaultExecutor.java:404)
	at org.apache.commons.exec.DefaultExecutor.execute(DefaultExecutor.java:166)
	at org.apache.commons.exec.DefaultExecutor.execute(DefaultExecutor.java:153)
	at org.hl7.fhir.igtools.publisher.FSHRunner.runFsh(FSHRunner.java:91)
	at org.hl7.fhir.igtools.publisher.Publisher.initialize(Publisher.java:2355)
	at org.hl7.fhir.igtools.publisher.Publisher.execute(Publisher.java:950)
	at org.hl7.fhir.igtools.publisher.Publisher.main(Publisher.java:11982)
	at org.hl7.fhir.igtools.web.PublicationProcess.runBuild(PublicationProcess.java:885)
	at org.hl7.fhir.igtools.web.PublicationProcess.doPublish(PublicationProcess.java:470)
	at org.hl7.fhir.igtools.web.PublicationProcess.publishInner2(PublicationProcess.java:387)
	at org.hl7.fhir.igtools.web.PublicationProcess.publishInner(PublicationProcess.java:228)
	at org.hl7.fhir.igtools.web.PublicationProcess.publish(PublicationProcess.java:121)
	at org.hl7.fhir.igtools.publisher.Publisher.main(Publisher.java:11735)
Prepare Build space in /tmp/medigree.fhir.core#1.0.0-milestone
Build IG at /__w/domain1/domain1/core: final copy suitable for publication (in /tmp/medigree.fhir.core#1.0.0-milestone) (milestone build)
FHIR IG Publisher Version 1.4.6 (Git# c6b7d5a1f427). Built 2023-09-16T03:24:10.331Z (3 days old)                                                                                              
Detected Java version: 21-ea from /usr/local/openjdk-21 on Linux/amd64 (64bit). 1732MB available                                                                                              
dir = /__w/domain1/domain1, path = /home/publisher/bin:/home/publisher/bin/ig-publisher-scripts:/home/publisher/.node/bin:/usr/local/openjdk-21/bin:/usr/local/sbin:/usr/local/bin:/usr/sbin:/usr/bin:/sbin:/bin
Parameters: -ig /tmp/medigree.fhir.core#1.0.0-milestone -publish http://medigree.net/fhir/core/1.0.0 -milestone -no-exit                                                                      
Start Clock @ Tuesday, September 19, 2023, 8:25:42 PM Coordinated Universal Time (2023-09-19T20:25:42Z)                                                                                       
                                                                                                                                                                                              
Build FHIR IG from /tmp/medigree.fhir.core#1.0.0-milestone                                                                                                                                     (00:00.003 / 00:00.003, 58Mb)
Build Formal Publication package, intended for http://medigree.net/fhir/core/1.0.0                                                                                                             (00:00.001 / 00:00.005, 58Mb)
API keys loaded from /root/.fhir/fhir-settings.json                                                                                                                                            (00:00.001 / 00:00.007, 58Mb)
Package Cache: /root/.fhir/packages                                                                                                                                                            (00:00.001 / 00:00.009, 58Mb)
Run Sushi on /tmp/medigree.fhir.core#1.0.0-milestone                                                                                                                                           (00:00.004 / 00:00.013, 58Mb)
Sushi: info  Running SUSHI v2.9.0 (implements FHIR Shorthand specification v2.0.0)                                                                                                             (00:02.903 / 00:02.917, 58Mb)
Sushi: info  Arguments:                                                                                                                                                                        (00:00.001 / 00:02.919, 59Mb)
Sushi: info    --require-latest                                                                                                                                                                (00:00.002 / 00:02.922, 59Mb)
Sushi: info    --out /tmp/medigree.fhir.core#1.0.0-milestone                                                                                                                                   (00:00.002 / 00:02.924, 59Mb)
Sushi: info    /tmp/medigree.fhir.core#1.0.0-milestone                                                                                                                                         (00:00.001 / 00:02.926, 59Mb)
Sushi: (node:837) Warning: Accessing non-existent property 'INVALID_ALT_NUMBER' of module exports inside circular dependency                                                                   (00:00.758 / 00:03.685, 59Mb)
Sushi: (Use `node --trace-warnings ...` to show where the warning was created)                                                                                                                 (00:00.000 / 00:03.687, 59Mb)
Sushi: (node:837) Warning: Accessing non-existent property 'INVALID_ALT_NUMBER' of module exports inside circular dependency
error Current SUSHI version (2.9.0) is not the latest version. Upgrade to the latest version (3.3.3) or run SUSHI again without the --require-latest flag. (00:00.001 / 00:03.687, 59Mb)
Sushi: (node:837) Warning: Accessing non-existent property 'INVALID_ALT_NUMBER' of module exports inside circular dependency                                                                   (00:00.002 / 00:03.690, 59Mb)
Sushi couldn't be run. Complete output from running Sushi :                                                                                                                                    (00:00.023 / 00:03.713, 59Mb)
Note: Check that Sushi is installed correctly ("npm install -g fsh-sushi". On windows, get npm from https://www.npmjs.com/get-npm)                                                             (00:00.001 / 00:03.715, 59Mb)
Exception: Process exited with an error: 1 (Exit value: 1)                                                                                                                                     (00:00.001 / 00:03.717, 59Mb)
Publishing Content Failed: Process exited with an error: 1 (Exit value: 1)                                                                                                                     (00:00.001 / 00:03.719, 59Mb)
                                                                                                                                                                                               (00:00.001 / 00:03.720, 59Mb)
Use -? to get command line help                                                                                                                                                                (00:00.001 / 00:03.722, 59Mb)
                                                                                                                                                                                               (00:00.001 / 00:03.723, 59Mb)
Stack Dump (for debugging):                                                                                                                                                                    (00:00.001 / 00:03.725, 59Mb)
org.apache.commons.exec.ExecuteException: Process exited with an error: 1 (Exit value: 1)
	at org.apache.commons.exec.DefaultExecutor.executeInternal(DefaultExecutor.java:404)
	at org.apache.commons.exec.DefaultExecutor.execute(DefaultExecutor.java:166)
	at org.apache.commons.exec.DefaultExecutor.execute(DefaultExecutor.java:153)
	at org.hl7.fhir.igtools.publisher.FSHRunner.runFsh(FSHRunner.java:91)
	at org.hl7.fhir.igtools.publisher.Publisher.initialize(Publisher.java:2355)
	at org.hl7.fhir.igtools.publisher.Publisher.execute(Publisher.java:950)
	at org.hl7.fhir.igtools.publisher.Publisher.main(Publisher.java:11982)
	at org.hl7.fhir.igtools.web.PublicationProcess.runBuild(PublicationProcess.java:885)
	at org.hl7.fhir.igtools.web.PublicationProcess.doPublish(PublicationProcess.java:475)
	at org.hl7.fhir.igtools.web.PublicationProcess.publishInner2(PublicationProcess.java:387)
	at org.hl7.fhir.igtools.web.PublicationProcess.publishInner(PublicationProcess.java:228)
	at org.hl7.fhir.igtools.web.PublicationProcess.publish(PublicationProcess.java:121)
	at org.hl7.fhir.igtools.publisher.Publisher.main(Publisher.java:11735)
Keep a copy of the build directory at /tmp/web-root/run-20230919/ig-build-zips/medigree.fhir.core#1.0.0.zip

ok. All checks passed. Publish v1.0.0 to /tmp/web-root/run-20230919/core/1.0.0
Copy the IG to /tmp/web-root/run-20230919/core/1.0.0
Update /tmp/web-root/run-20230919/core/package-list.json
Publish Box Statement: This page is part of the Testing (v1.0.0: Release) based on <a no-external="true" href="http://hl7.org/fhir/R4">FHIR R4</a>. This is the current published version in its permanent home (it will always be available at this URL).  For a full list of available versions, see the <a no-external="true" href="http://medigree.net/fhir/core/history.html">Directory of published versions</a>
  .. 19 files checked, 19 updated
  .. 9 clones checked, 18 updated
  .. 3 redirections (3 created/updated)
This is a milestone release - publish v1.0.0 to /tmp/web-root/run-20230919/core
Publish Box Statement: This page is part of the Testing (v1.0.0: Release) based on <a no-external="true" href="http://hl7.org/fhir/R4">FHIR R4</a>. This is the current published version.  For a full list of available versions, see the <a no-external="true" href="http://medigree.net/fhir/core/history.html">Directory of published versions</a>
  .. 19 files checked, 19 updated
  .. 9 clones checked, 18 updated
  .. 3 redirections (3 created/updated)
Check for Files to delete
  ... 0 files
Copy to new IG to /tmp/web-root/run-20230919/core
Update history page at /tmp/web-root/run-20230919/core from /__w/domain1/domain1/./history-template and /__w/domain1/domain1/webroot/templates
Build is complete. Copy from /tmp/web-root/run-20230919
medigree.fhir.core (http://medigree.net/fhir/core): Testing @ https//build.fhir.org/ig/medigree/core
  release: Releases 1.0.0/4.0.1 @ http://medigree.net/fhir/core/1.0.0
